                                                                    QUERY PLAN                                                                     
---------------------------------------------------------------------------------------------------------------------------------------------------
 Finalize Aggregate  (cost=46992230.70..46992230.71 rows=1 width=720) (actual time=113662.684..113690.733 rows=1 loops=1)
   ->  Gather  (cost=46992227.44..46992228.45 rows=10 width=720) (actual time=113661.986..113690.665 rows=11 loops=1)
         Workers Planned: 10
         Workers Launched: 10
         ->  Partial Aggregate  (cost=46991227.44..46991227.45 rows=1 width=720) (actual time=113655.752..113655.756 rows=1 loops=11)
               ->  Parallel Seq Scan on hits  (cost=0.00..24618790.72 rows=49994272 width=2) (actual time=0.178..69282.072 rows=45453408 loops=11)
 Planning Time: 5.046 ms
 Execution Time: 113691.096 ms
(8 rows)

