                                                                   QUERY PLAN                                                                   
------------------------------------------------------------------------------------------------------------------------------------------------
 Finalize Aggregate  (cost=24745589.84..24745589.85 rows=1 width=8) (actual time=101314.014..101334.920 rows=1 loops=1)
   ->  Gather  (cost=24745588.81..24745589.82 rows=10 width=8) (actual time=101313.402..101334.901 rows=11 loops=1)
         Workers Planned: 10
         Workers Launched: 10
         ->  Partial Aggregate  (cost=24744588.81..24744588.82 rows=1 width=8) (actual time=101307.605..101307.608 rows=1 loops=11)
               ->  Parallel Seq Scan on hits  (cost=0.00..24743776.40 rows=324963 width=0) (actual time=1.497..101276.337 rows=286975 loops=11)
                     Filter: (advengineid <> 0)
                     Rows Removed by Filter: 45166433
 Planning Time: 3.781 ms
 Execution Time: 101335.073 ms
(10 rows)

