                                                                    QUERY PLAN                                                                     
---------------------------------------------------------------------------------------------------------------------------------------------------
 Finalize Aggregate  (cost=24744777.43..24744777.45 rows=1 width=8) (actual time=73758.210..73788.925 rows=1 loops=1)
   ->  Gather  (cost=24744776.40..24744777.41 rows=10 width=8) (actual time=73757.465..73788.898 rows=11 loops=1)
         Workers Planned: 10
         Workers Launched: 10
         ->  Partial Aggregate  (cost=24743776.40..24743776.41 rows=1 width=8) (actual time=73751.626..73751.629 rows=1 loops=11)
               ->  Parallel Seq Scan on hits  (cost=0.00..24618790.72 rows=49994272 width=0) (actual time=0.416..72159.736 rows=45453408 loops=11)
 Planning Time: 3.246 ms
 Execution Time: 73789.055 ms
(8 rows)

