                                                                    QUERY PLAN                                                                     
---------------------------------------------------------------------------------------------------------------------------------------------------
 Finalize Aggregate  (cost=24744777.43..24744777.45 rows=1 width=8) (actual time=69749.709..69774.202 rows=1 loops=1)
   ->  Gather  (cost=24744776.40..24744777.41 rows=10 width=8) (actual time=69749.102..69774.178 rows=11 loops=1)
         Workers Planned: 10
         Workers Launched: 10
         ->  Partial Aggregate  (cost=24743776.40..24743776.41 rows=1 width=8) (actual time=69743.298..69743.300 rows=1 loops=11)
               ->  Parallel Seq Scan on hits  (cost=0.00..24618790.72 rows=49994272 width=0) (actual time=0.187..68163.337 rows=45453408 loops=11)
 Planning Time: 3.261 ms
 Execution Time: 69774.337 ms
(8 rows)

