                                                                    QUERY PLAN                                                                     
---------------------------------------------------------------------------------------------------------------------------------------------------
 Finalize Aggregate  (cost=24994748.85..24994748.86 rows=1 width=48) (actual time=80823.603..80844.201 rows=1 loops=1)
   ->  Gather  (cost=24994747.76..24994748.77 rows=10 width=48) (actual time=80822.915..80844.072 rows=11 loops=1)
         Workers Planned: 10
         Workers Launched: 10
         ->  Partial Aggregate  (cost=24993747.76..24993747.77 rows=1 width=48) (actual time=80817.466..80817.468 rows=1 loops=11)
               ->  Parallel Seq Scan on hits  (cost=0.00..24618790.72 rows=49994272 width=4) (actual time=0.238..75548.857 rows=45453408 loops=11)
 Planning Time: 4.114 ms
 Execution Time: 80844.312 ms
(8 rows)

