                                                                    QUERY PLAN                                                                     
---------------------------------------------------------------------------------------------------------------------------------------------------
 Finalize Aggregate  (cost=24744777.43..24744777.45 rows=1 width=8) (actual time=73880.947..73920.815 rows=1 loops=1)
   ->  Gather  (cost=24744776.40..24744777.41 rows=10 width=8) (actual time=73880.378..73920.808 rows=11 loops=1)
         Workers Planned: 10
         Workers Launched: 10
         ->  Partial Aggregate  (cost=24743776.40..24743776.41 rows=1 width=8) (actual time=73874.575..73874.576 rows=1 loops=11)
               ->  Parallel Seq Scan on hits  (cost=0.00..24618790.72 rows=49994272 width=0) (actual time=0.188..72303.837 rows=45453408 loops=11)
 Planning Time: 3.357 ms
 Execution Time: 73920.959 ms
(8 rows)

