                                                                                              QUERY PLAN                                                                                              
------------------------------------------------------------------------------------------------------------------------------------------------------------------------------------------------------
 Finalize GroupAggregate  (cost=130358845.97..130362690.76 rows=2406 width=64) (actual time=796357.942..801345.835 rows=2 loops=1)
   Group Key: (EXTRACT(year FROM orders.o_orderdate))
   ->  Gather Merge  (cost=130358845.97..130362311.81 rows=26466 width=96) (actual time=796323.676..801345.462 rows=24 loops=1)
         Workers Planned: 11
         Workers Launched: 11
         ->  Partial GroupAggregate  (cost=130357845.76..130357992.11 rows=2406 width=96) (actual time=796261.952..796296.519 rows=2 loops=12)
               Group Key: (EXTRACT(year FROM orders.o_orderdate))
               ->  Sort  (cost=130357845.76..130357857.34 rows=4633 width=148) (actual time=796226.983..796233.987 rows=202433 loops=12)
                     Sort Key: (EXTRACT(year FROM orders.o_orderdate))
                     Sort Method: quicksort  Memory: 20170kB
                     Worker 0:  Sort Method: quicksort  Memory: 20260kB
                     Worker 1:  Sort Method: quicksort  Memory: 20102kB
                     Worker 2:  Sort Method: quicksort  Memory: 20642kB
                     Worker 3:  Sort Method: quicksort  Memory: 20601kB
                     Worker 4:  Sort Method: quicksort  Memory: 20218kB
                     Worker 5:  Sort Method: quicksort  Memory: 20656kB
                     Worker 6:  Sort Method: quicksort  Memory: 20279kB
                     Worker 7:  Sort Method: quicksort  Memory: 20241kB
                     Worker 8:  Sort Method: quicksort  Memory: 20542kB
                     Worker 9:  Sort Method: quicksort  Memory: 20439kB
                     Worker 10:  Sort Method: quicksort  Memory: 20381kB
                     ->  Hash Join  (cost=4410635.96..130357563.66 rows=4633 width=148) (actual time=10775.479..795998.061 rows=202433 loops=12)
                           Hash Cond: (supplier.s_nationkey = n2.n_nationkey)
                           ->  Nested Loop  (cost=4410622.14..130357525.79 rows=4633 width=20) (actual time=10775.355..795787.880 rows=202433 loops=12)
                                 ->  Hash Join  (cost=4410621.70..130346943.52 rows=4633 width=20) (actual time=10774.945..787905.336 rows=202433 loops=12)
                                       Hash Cond: (customer.c_nationkey = n1.n_nationkey)
                                       ->  Nested Loop  (cost=4410597.40..130343919.54 rows=787558 width=24) (actual time=10769.512..787586.108 rows=1011757 loops=12)
                                             ->  Nested Loop  (cost=4410596.83..127858558.04 rows=1026916 width=24) (actual time=10768.989..686124.630 rows=1011757 loops=12)
                                                   ->  Parallel Hash Join  (cost=4410596.24..126814922.78 rows=3345861 width=24) (actual time=10766.982..598266.452 rows=3329738 loops=12)
                                                         Hash Cond: (lineitem.l_partkey = part.p_partkey)
                                                         ->  Parallel Seq Scan on lineitem  (cost=0.00..120972469.47 rows=545469347 width=28) (actual time=1.412..421283.355 rows=499999142 loops=12)
                                                         ->  Parallel Hash  (cost=4408517.85..4408517.85 rows=166271 width=4) (actual time=10763.490..10763.492 rows=111032 loops=12)
                                                               Buckets: 2097152  Batches: 1  Memory Usage: 68736kB
                                                               ->  Parallel Seq Scan on part  (cost=0.00..4408517.85 rows=166271 width=4) (actual time=0.605..10711.886 rows=111032 loops=12)
                                                                     Filter: ((p_type)::text = 'ECONOMY ANODIZED STEEL'::text)
                                                                     Rows Removed by Filter: 16555635
                                                   ->  Memoize  (cost=0.59..2.45 rows=1 width=16) (actual time=0.026..0.026 rows=0 loops=39956850)
                                                         Cache Key: lineitem.l_orderkey
                                                         Cache Mode: logical
                                                         Hits: 42975  Misses: 3249569  Evictions: 2026244  Overflows: 0  Memory Usage: 104857kB
                                                         Worker 0:  Hits: 43196  Misses: 3257428  Evictions: 2034849  Overflows: 0  Memory Usage: 104857kB
                                                         Worker 1:  Hits: 42926  Misses: 3208165  Evictions: 1985324  Overflows: 0  Memory Usage: 104857kB
                                                         Worker 2:  Hits: 44910  Misses: 3352000  Evictions: 2128751  Overflows: 0  Memory Usage: 104857kB
                                                         Worker 3:  Hits: 44317  Misses: 3321584  Evictions: 2098554  Overflows: 0  Memory Usage: 104857kB
                                                         Worker 4:  Hits: 43277  Misses: 3244750  Evictions: 2022231  Overflows: 0  Memory Usage: 104857kB
                                                         Worker 5:  Hits: 44697  Misses: 3349762  Evictions: 2127403  Overflows: 0  Memory Usage: 104857kB
                                                         Worker 6:  Hits: 43644  Misses: 3266381  Evictions: 2043319  Overflows: 0  Memory Usage: 104857kB
                                                         Worker 7:  Hits: 43616  Misses: 3249777  Evictions: 2027152  Overflows: 0  Memory Usage: 104857kB
                                                         Worker 8:  Hits: 45041  Misses: 3337450  Evictions: 2114214  Overflows: 0  Memory Usage: 104857kB
                                                         Worker 9:  Hits: 44317  Misses: 3303593  Evictions: 2080225  Overflows: 0  Memory Usage: 104857kB
                                                         Worker 10:  Hits: 43779  Misses: 3289696  Evictions: 2066952  Overflows: 0  Memory Usage: 104857kB
                                                         ->  Index Scan using orders_pkey on orders  (cost=0.58..2.44 rows=1 width=16) (actual time=0.023..0.023 rows=0 loops=39430155)
                                                               Index Cond: (o_orderkey = lineitem.l_orderkey)
                                                               Filter: ((o_orderdate >= '1995-01-01'::date) AND (o_orderdate <= '1996-12-31'::date))
                                                               Rows Removed by Filter: 1
                                             ->  Index Scan using customer_pkey on customer  (cost=0.57..2.42 rows=1 width=8) (actual time=0.100..0.100 rows=1 loops=12141083)
                                                   Index Cond: (c_custkey = orders.o_custkey)
                                       ->  Hash  (cost=24.29..24.29 rows=1 width=4) (actual time=0.082..0.281 rows=5 loops=12)
                                             Buckets: 1024  Batches: 1  Memory Usage: 9kB
                                             ->  Hash Join  (cost=12.14..24.29 rows=1 width=4) (actual time=0.075..0.277 rows=5 loops=12)
                                                   Hash Cond: (n1.n_regionkey = region.r_regionkey)
                                                   ->  Seq Scan on nation n1  (cost=0.00..11.70 rows=170 width=8) (actual time=0.001..0.073 rows=25 loops=12)
                                                   ->  Hash  (cost=12.12..12.12 rows=1 width=4) (actual time=0.058..0.064 rows=1 loops=12)
                                                         Buckets: 1024  Batches: 1  Memory Usage: 9kB
                                                         ->  Seq Scan on region  (cost=0.00..12.12 rows=1 width=4) (actual time=0.054..0.055 rows=1 loops=12)
                                                               Filter: (r_name = 'AMERICA'::bpchar)
                                                               Rows Removed by Filter: 4
                                 ->  Index Scan using supplier_pkey on supplier  (cost=0.43..2.28 rows=1 width=8) (actual time=0.038..0.038 rows=1 loops=2429197)
                                       Index Cond: (s_suppkey = lineitem.l_suppkey)
                           ->  Hash  (cost=11.70..11.70 rows=170 width=108) (actual time=0.044..0.044 rows=25 loops=12)
                                 Buckets: 1024  Batches: 1  Memory Usage: 10kB
                                 ->  Seq Scan on nation n2  (cost=0.00..11.70 rows=170 width=108) (actual time=0.034..0.036 rows=25 loops=12)
 Planning Time: 15.162 ms
 Execution Time: 801370.846 ms
(74 rows)

