                                                                                              QUERY PLAN                                                                                              
------------------------------------------------------------------------------------------------------------------------------------------------------------------------------------------------------
 Finalize GroupAggregate  (cost=130358845.97..130362690.76 rows=2406 width=64) (actual time=789775.942..792682.621 rows=2 loops=1)
   Group Key: (EXTRACT(year FROM orders.o_orderdate))
   ->  Gather Merge  (cost=130358845.97..130362311.81 rows=26466 width=96) (actual time=789741.151..792682.275 rows=24 loops=1)
         Workers Planned: 11
         Workers Launched: 11
         ->  Partial GroupAggregate  (cost=130357845.76..130357992.11 rows=2406 width=96) (actual time=789648.825..789684.077 rows=2 loops=12)
               Group Key: (EXTRACT(year FROM orders.o_orderdate))
               ->  Sort  (cost=130357845.76..130357857.34 rows=4633 width=148) (actual time=789613.688..789620.896 rows=202433 loops=12)
                     Sort Key: (EXTRACT(year FROM orders.o_orderdate))
                     Sort Method: quicksort  Memory: 20412kB
                     Worker 0:  Sort Method: quicksort  Memory: 20265kB
                     Worker 1:  Sort Method: quicksort  Memory: 20425kB
                     Worker 2:  Sort Method: quicksort  Memory: 20251kB
                     Worker 3:  Sort Method: quicksort  Memory: 19965kB
                     Worker 4:  Sort Method: quicksort  Memory: 20369kB
                     Worker 5:  Sort Method: quicksort  Memory: 20418kB
                     Worker 6:  Sort Method: quicksort  Memory: 20484kB
                     Worker 7:  Sort Method: quicksort  Memory: 20549kB
                     Worker 8:  Sort Method: quicksort  Memory: 20473kB
                     Worker 9:  Sort Method: quicksort  Memory: 20531kB
                     Worker 10:  Sort Method: quicksort  Memory: 20389kB
                     ->  Hash Join  (cost=4410635.96..130357563.66 rows=4633 width=148) (actual time=20381.399..789268.555 rows=202433 loops=12)
                           Hash Cond: (supplier.s_nationkey = n2.n_nationkey)
                           ->  Nested Loop  (cost=4410622.14..130357525.79 rows=4633 width=20) (actual time=20381.237..789060.973 rows=202433 loops=12)
                                 ->  Hash Join  (cost=4410621.70..130346943.52 rows=4633 width=20) (actual time=20380.837..781945.267 rows=202433 loops=12)
                                       Hash Cond: (customer.c_nationkey = n1.n_nationkey)
                                       ->  Nested Loop  (cost=4410597.40..130343919.54 rows=787558 width=24) (actual time=20376.714..781666.531 rows=1011757 loops=12)
                                             ->  Nested Loop  (cost=4410596.83..127858558.04 rows=1026916 width=24) (actual time=20376.181..686261.435 rows=1011757 loops=12)
                                                   ->  Parallel Hash Join  (cost=4410596.24..126814922.78 rows=3345861 width=24) (actual time=20374.805..624994.579 rows=3329738 loops=12)
                                                         Hash Cond: (lineitem.l_partkey = part.p_partkey)
                                                         ->  Parallel Seq Scan on lineitem  (cost=0.00..120972469.47 rows=545469347 width=28) (actual time=0.395..443904.788 rows=499999142 loops=12)
                                                         ->  Parallel Hash  (cost=4408517.85..4408517.85 rows=166271 width=4) (actual time=20372.572..20372.578 rows=111032 loops=12)
                                                               Buckets: 2097152  Batches: 1  Memory Usage: 68672kB
                                                               ->  Parallel Seq Scan on part  (cost=0.00..4408517.85 rows=166271 width=4) (actual time=1.142..20307.411 rows=111032 loops=12)
                                                                     Filter: ((p_type)::text = 'ECONOMY ANODIZED STEEL'::text)
                                                                     Rows Removed by Filter: 16555635
                                                   ->  Memoize  (cost=0.59..2.45 rows=1 width=16) (actual time=0.018..0.018 rows=0 loops=39956850)
                                                         Cache Key: lineitem.l_orderkey
                                                         Cache Mode: logical
                                                         Hits: 44082  Misses: 3299701  Evictions: 2076979  Overflows: 0  Memory Usage: 104857kB
                                                         Worker 0:  Hits: 44200  Misses: 3273138  Evictions: 2050175  Overflows: 0  Memory Usage: 104857kB
                                                         Worker 1:  Hits: 43981  Misses: 3286908  Evictions: 2064045  Overflows: 0  Memory Usage: 104857kB
                                                         Worker 2:  Hits: 43317  Misses: 3259887  Evictions: 2036734  Overflows: 0  Memory Usage: 104857kB
                                                         Worker 3:  Hits: 42438  Misses: 3206872  Evictions: 1984054  Overflows: 0  Memory Usage: 104857kB
                                                         Worker 4:  Hits: 43986  Misses: 3277268  Evictions: 2054289  Overflows: 0  Memory Usage: 104857kB
                                                         Worker 5:  Hits: 43608  Misses: 3283256  Evictions: 2060972  Overflows: 0  Memory Usage: 104857kB
                                                         Worker 6:  Hits: 44385  Misses: 3321410  Evictions: 2098318  Overflows: 0  Memory Usage: 104857kB
                                                         Worker 7:  Hits: 44404  Misses: 3319834  Evictions: 2096880  Overflows: 0  Memory Usage: 104857kB
                                                         Worker 8:  Hits: 43830  Misses: 3299201  Evictions: 2076361  Overflows: 0  Memory Usage: 104857kB
                                                         Worker 9:  Hits: 44265  Misses: 3311004  Evictions: 2087895  Overflows: 0  Memory Usage: 104857kB
                                                         Worker 10:  Hits: 44198  Misses: 3291677  Evictions: 2068703  Overflows: 0  Memory Usage: 104857kB
                                                         ->  Index Scan using orders_pkey on orders  (cost=0.58..2.44 rows=1 width=16) (actual time=0.016..0.016 rows=0 loops=39430156)
                                                               Index Cond: (o_orderkey = lineitem.l_orderkey)
                                                               Filter: ((o_orderdate >= '1995-01-01'::date) AND (o_orderdate <= '1996-12-31'::date))
                                                               Rows Removed by Filter: 1
                                             ->  Index Scan using customer_pkey on customer  (cost=0.57..2.42 rows=1 width=8) (actual time=0.094..0.094 rows=1 loops=12141083)
                                                   Index Cond: (c_custkey = orders.o_custkey)
                                       ->  Hash  (cost=24.29..24.29 rows=1 width=4) (actual time=0.090..0.259 rows=5 loops=12)
                                             Buckets: 1024  Batches: 1  Memory Usage: 9kB
                                             ->  Hash Join  (cost=12.14..24.29 rows=1 width=4) (actual time=0.083..0.255 rows=5 loops=12)
                                                   Hash Cond: (n1.n_regionkey = region.r_regionkey)
                                                   ->  Seq Scan on nation n1  (cost=0.00..11.70 rows=170 width=8) (actual time=0.001..0.065 rows=25 loops=12)
                                                   ->  Hash  (cost=12.12..12.12 rows=1 width=4) (actual time=0.068..0.076 rows=1 loops=12)
                                                         Buckets: 1024  Batches: 1  Memory Usage: 9kB
                                                         ->  Seq Scan on region  (cost=0.00..12.12 rows=1 width=4) (actual time=0.065..0.066 rows=1 loops=12)
                                                               Filter: (r_name = 'AMERICA'::bpchar)
                                                               Rows Removed by Filter: 4
                                 ->  Index Scan using supplier_pkey on supplier  (cost=0.43..2.28 rows=1 width=8) (actual time=0.034..0.034 rows=1 loops=2429197)
                                       Index Cond: (s_suppkey = lineitem.l_suppkey)
                           ->  Hash  (cost=11.70..11.70 rows=170 width=108) (actual time=0.056..0.057 rows=25 loops=12)
                                 Buckets: 1024  Batches: 1  Memory Usage: 10kB
                                 ->  Seq Scan on nation n2  (cost=0.00..11.70 rows=170 width=108) (actual time=0.040..0.042 rows=25 loops=12)
 Planning Time: 14.095 ms
 Execution Time: 792705.734 ms
(74 rows)

