                                                                          QUERY PLAN                                                                           
---------------------------------------------------------------------------------------------------------------------------------------------------------------
 Finalize Aggregate  (cost=128900884.05..128900884.06 rows=1 width=32) (actual time=776887.002..779308.170 rows=1 loops=1)
   ->  Gather  (cost=128900882.82..128900883.93 rows=11 width=64) (actual time=776769.586..779308.144 rows=12 loops=1)
         Workers Planned: 11
         Workers Launched: 11
         ->  Partial Aggregate  (cost=128899882.82..128899882.83 rows=1 width=64) (actual time=776708.853..776708.905 rows=1 loops=12)
               ->  Parallel Hash Join  (cost=4829397.53..128786870.04 rows=6457873 width=33) (actual time=769590.359..775099.872 rows=6234909 loops=12)
                     Hash Cond: (lineitem.l_partkey = part.p_partkey)
                     ->  Parallel Seq Scan on lineitem  (cost=0.00..123699816.20 rows=7002403 width=16) (actual time=1.714..753003.960 rows=6234909 loops=12)
                           Filter: ((l_shipdate >= '1995-09-01'::date) AND (l_shipdate < '1995-10-01 00:00:00'::timestamp without time zone))
                           Rows Removed by Filter: 493764234
                     ->  Parallel Hash  (cost=4346020.68..4346020.68 rows=24998868 width=25) (actual time=13921.869..13921.870 rows=16666667 loops=12)
                           Buckets: 2097152  Batches: 256  Memory Usage: 63808kB
                           ->  Parallel Seq Scan on part  (cost=0.00..4346020.68 rows=24998868 width=25) (actual time=0.235..10750.060 rows=16666667 loops=12)
 Planning Time: 11.474 ms
 Execution Time: 779308.589 ms
(15 rows)

