                                                                                           QUERY PLAN                                                                                           
------------------------------------------------------------------------------------------------------------------------------------------------------------------------------------------------
 Finalize GroupAggregate  (cost=147845863.08..147845874.99 rows=82 width=168) (actual time=2532889.448..2554443.956 rows=175 loops=1)
   Group Key: nation.n_name, (EXTRACT(year FROM orders.o_orderdate))
   ->  Gather Merge  (cost=147845863.08..147845872.99 rows=77 width=168) (actual time=2532787.416..2554442.008 rows=2100 loops=1)
         Workers Planned: 11
         Workers Launched: 11
         ->  Partial GroupAggregate  (cost=147844862.87..147844863.11 rows=7 width=168) (actual time=2518105.134..2537591.867 rows=175 loops=12)
               Group Key: nation.n_name, (EXTRACT(year FROM orders.o_orderdate))
               ->  Sort  (cost=147844862.87..147844862.89 rows=7 width=159) (actual time=2518045.430..2525906.095 rows=27178969 loops=12)
                     Sort Key: nation.n_name, (EXTRACT(year FROM orders.o_orderdate)) DESC
                     Sort Method: external merge  Disk: 1778192kB
                     Worker 0:  Sort Method: external merge  Disk: 1775728kB
                     Worker 1:  Sort Method: external merge  Disk: 1771416kB
                     Worker 2:  Sort Method: external merge  Disk: 1771016kB
                     Worker 3:  Sort Method: external merge  Disk: 1767176kB
                     Worker 4:  Sort Method: external merge  Disk: 1765624kB
                     Worker 5:  Sort Method: external merge  Disk: 1757632kB
                     Worker 6:  Sort Method: external merge  Disk: 1753640kB
                     Worker 7:  Sort Method: external merge  Disk: 1748040kB
                     Worker 8:  Sort Method: external merge  Disk: 1750176kB
                     Worker 9:  Sort Method: external merge  Disk: 1784392kB
                     Worker 10:  Sort Method: external merge  Disk: 1784648kB
                     ->  Nested Loop  (cost=24582144.47..147844862.77 rows=7 width=159) (actual time=807597.918..2489489.422 rows=27178969 loops=12)
                           ->  Nested Loop  (cost=24582144.33..147844851.59 rows=7 width=31) (actual time=807597.843..2446934.258 rows=27178969 loops=12)
                                 ->  Nested Loop  (cost=24582143.75..147844834.33 rows=7 width=35) (actual time=807597.063..1000391.207 rows=27178969 loops=12)
                                       ->  Parallel Hash Join  (cost=24582143.31..147844815.80 rows=8 width=39) (actual time=807596.870..837663.091 rows=27178969 loops=12)
                                             Hash Cond: ((lineitem.l_suppkey = partsupp.ps_suppkey) AND (lineitem.l_partkey = partsupp.ps_partkey))
                                             ->  Parallel Hash Join  (cost=4421143.54..126825470.08 rows=20325324 width=37) (actual time=14575.569..738291.498 rows=27178969 loops=12)
                                                   Hash Cond: (lineitem.l_partkey = part.p_partkey)
                                                   ->  Parallel Seq Scan on lineitem  (cost=0.00..120972469.47 rows=545469347 width=33) (actual time=1.472..458143.438 rows=499999142 loops=12)
                                                   ->  Parallel Hash  (cost=4408517.85..4408517.85 rows=1010055 width=4) (actual time=14570.208..14570.393 rows=905932 loops=12)
                                                         Buckets: 16777216 (originally 8388608)  Batches: 1 (originally 1)  Memory Usage: 622048kB
                                                         ->  Parallel Seq Scan on part  (cost=0.00..4408517.85 rows=1010055 width=4) (actual time=0.367..13792.829 rows=905932 loops=12)
                                                               Filter: ((p_name)::text ~~ '%green%'::text)
                                                               Rows Removed by Filter: 15760735
                                             ->  Parallel Hash  (cost=18393533.51..18393533.51 rows=88894151 width=14) (actual time=58693.279..58693.284 rows=66666667 loops=12)
                                                   Buckets: 2097152  Batches: 512  Memory Usage: 89984kB
                                                   ->  Parallel Seq Scan on partsupp  (cost=0.00..18393533.51 rows=88894151 width=14) (actual time=0.296..45611.722 rows=66666667 loops=12)
                                       ->  Index Scan using supplier_pkey on supplier  (cost=0.43..2.32 rows=1 width=8) (actual time=0.006..0.006 rows=1 loops=326147632)
                                             Index Cond: (s_suppkey = lineitem.l_suppkey)
                                 ->  Index Scan using orders_pkey on orders  (cost=0.58..2.47 rows=1 width=12) (actual time=0.053..0.053 rows=1 loops=326147632)
                                       Index Cond: (o_orderkey = lineitem.l_orderkey)
                           ->  Index Scan using nation_pkey on nation  (cost=0.14..1.59 rows=1 width=108) (actual time=0.001..0.001 rows=1 loops=326147632)
                                 Index Cond: (n_nationkey = supplier.s_nationkey)
 Planning Time: 17.082 ms
 Execution Time: 2554701.317 ms
(45 rows)

