                                                                                              QUERY PLAN                                                                                              
------------------------------------------------------------------------------------------------------------------------------------------------------------------------------------------------------
 Finalize GroupAggregate  (cost=130358845.97..130362690.76 rows=2406 width=64) (actual time=786990.318..791590.631 rows=2 loops=1)
   Group Key: (EXTRACT(year FROM orders.o_orderdate))
   ->  Gather Merge  (cost=130358845.97..130362311.81 rows=26466 width=96) (actual time=786953.660..791590.231 rows=24 loops=1)
         Workers Planned: 11
         Workers Launched: 11
         ->  Partial GroupAggregate  (cost=130357845.76..130357992.11 rows=2406 width=96) (actual time=786885.785..786920.562 rows=2 loops=12)
               Group Key: (EXTRACT(year FROM orders.o_orderdate))
               ->  Sort  (cost=130357845.76..130357857.34 rows=4633 width=148) (actual time=786850.568..786857.904 rows=202433 loops=12)
                     Sort Key: (EXTRACT(year FROM orders.o_orderdate))
                     Sort Method: quicksort  Memory: 20456kB
                     Worker 0:  Sort Method: quicksort  Memory: 20510kB
                     Worker 1:  Sort Method: quicksort  Memory: 20252kB
                     Worker 2:  Sort Method: quicksort  Memory: 20219kB
                     Worker 3:  Sort Method: quicksort  Memory: 20635kB
                     Worker 4:  Sort Method: quicksort  Memory: 20348kB
                     Worker 5:  Sort Method: quicksort  Memory: 20273kB
                     Worker 6:  Sort Method: quicksort  Memory: 20317kB
                     Worker 7:  Sort Method: quicksort  Memory: 20438kB
                     Worker 8:  Sort Method: quicksort  Memory: 20492kB
                     Worker 9:  Sort Method: quicksort  Memory: 20226kB
                     Worker 10:  Sort Method: quicksort  Memory: 20366kB
                     ->  Hash Join  (cost=4410635.96..130357563.66 rows=4633 width=148) (actual time=11100.367..786511.732 rows=202433 loops=12)
                           Hash Cond: (supplier.s_nationkey = n2.n_nationkey)
                           ->  Nested Loop  (cost=4410622.14..130357525.79 rows=4633 width=20) (actual time=11100.228..786306.395 rows=202433 loops=12)
                                 ->  Hash Join  (cost=4410621.70..130346943.52 rows=4633 width=20) (actual time=11099.800..778806.146 rows=202433 loops=12)
                                       Hash Cond: (customer.c_nationkey = n1.n_nationkey)
                                       ->  Nested Loop  (cost=4410597.40..130343919.54 rows=787558 width=24) (actual time=11094.659..778492.432 rows=1011757 loops=12)
                                             ->  Nested Loop  (cost=4410596.83..127858558.04 rows=1026916 width=24) (actual time=11094.134..682388.529 rows=1011757 loops=12)
                                                   ->  Parallel Hash Join  (cost=4410596.24..126814922.78 rows=3345861 width=24) (actual time=11091.279..608650.062 rows=3329738 loops=12)
                                                         Hash Cond: (lineitem.l_partkey = part.p_partkey)
                                                         ->  Parallel Seq Scan on lineitem  (cost=0.00..120972469.47 rows=545469347 width=28) (actual time=1.434..433872.853 rows=499999142 loops=12)
                                                         ->  Parallel Hash  (cost=4408517.85..4408517.85 rows=166271 width=4) (actual time=11087.987..11087.990 rows=111032 loops=12)
                                                               Buckets: 2097152  Batches: 1  Memory Usage: 68672kB
                                                               ->  Parallel Seq Scan on part  (cost=0.00..4408517.85 rows=166271 width=4) (actual time=0.768..11036.887 rows=111032 loops=12)
                                                                     Filter: ((p_type)::text = 'ECONOMY ANODIZED STEEL'::text)
                                                                     Rows Removed by Filter: 16555635
                                                   ->  Memoize  (cost=0.59..2.45 rows=1 width=16) (actual time=0.022..0.022 rows=0 loops=39956850)
                                                         Cache Key: lineitem.l_orderkey
                                                         Cache Mode: logical
                                                         Hits: 44076  Misses: 3301427  Evictions: 2078660  Overflows: 0  Memory Usage: 104857kB
                                                         Worker 0:  Hits: 44130  Misses: 3326440  Evictions: 2103430  Overflows: 0  Memory Usage: 104857kB
                                                         Worker 1:  Hits: 43565  Misses: 3257471  Evictions: 2034548  Overflows: 0  Memory Usage: 104857kB
                                                         Worker 2:  Hits: 43477  Misses: 3254838  Evictions: 2032158  Overflows: 0  Memory Usage: 104857kB
                                                         Worker 3:  Hits: 44546  Misses: 3332302  Evictions: 2109367  Overflows: 0  Memory Usage: 104857kB
                                                         Worker 4:  Hits: 43622  Misses: 3280826  Evictions: 2057594  Overflows: 0  Memory Usage: 104857kB
                                                         Worker 5:  Hits: 43759  Misses: 3261248  Evictions: 2038581  Overflows: 0  Memory Usage: 104857kB
                                                         Worker 6:  Hits: 43654  Misses: 3260523  Evictions: 2037708  Overflows: 0  Memory Usage: 104857kB
                                                         Worker 7:  Hits: 44419  Misses: 3302614  Evictions: 2079313  Overflows: 0  Memory Usage: 104857kB
                                                         Worker 8:  Hits: 44318  Misses: 3314034  Evictions: 2091207  Overflows: 0  Memory Usage: 104857kB
                                                         Worker 9:  Hits: 43633  Misses: 3252803  Evictions: 2029971  Overflows: 0  Memory Usage: 104857kB
                                                         Worker 10:  Hits: 43493  Misses: 3285632  Evictions: 2062893  Overflows: 0  Memory Usage: 104857kB
                                                         ->  Index Scan using orders_pkey on orders  (cost=0.58..2.44 rows=1 width=16) (actual time=0.019..0.019 rows=0 loops=39430158)
                                                               Index Cond: (o_orderkey = lineitem.l_orderkey)
                                                               Filter: ((o_orderdate >= '1995-01-01'::date) AND (o_orderdate <= '1996-12-31'::date))
                                                               Rows Removed by Filter: 1
                                             ->  Index Scan using customer_pkey on customer  (cost=0.57..2.42 rows=1 width=8) (actual time=0.094..0.094 rows=1 loops=12141083)
                                                   Index Cond: (c_custkey = orders.o_custkey)
                                       ->  Hash  (cost=24.29..24.29 rows=1 width=4) (actual time=0.094..0.262 rows=5 loops=12)
                                             Buckets: 1024  Batches: 1  Memory Usage: 9kB
                                             ->  Hash Join  (cost=12.14..24.29 rows=1 width=4) (actual time=0.087..0.257 rows=5 loops=12)
                                                   Hash Cond: (n1.n_regionkey = region.r_regionkey)
                                                   ->  Seq Scan on nation n1  (cost=0.00..11.70 rows=170 width=8) (actual time=0.001..0.049 rows=25 loops=12)
                                                   ->  Hash  (cost=12.12..12.12 rows=1 width=4) (actual time=0.072..0.078 rows=1 loops=12)
                                                         Buckets: 1024  Batches: 1  Memory Usage: 9kB
                                                         ->  Seq Scan on region  (cost=0.00..12.12 rows=1 width=4) (actual time=0.069..0.069 rows=1 loops=12)
                                                               Filter: (r_name = 'AMERICA'::bpchar)
                                                               Rows Removed by Filter: 4
                                 ->  Index Scan using supplier_pkey on supplier  (cost=0.43..2.28 rows=1 width=8) (actual time=0.036..0.036 rows=1 loops=2429197)
                                       Index Cond: (s_suppkey = lineitem.l_suppkey)
                           ->  Hash  (cost=11.70..11.70 rows=170 width=108) (actual time=0.054..0.055 rows=25 loops=12)
                                 Buckets: 1024  Batches: 1  Memory Usage: 10kB
                                 ->  Seq Scan on nation n2  (cost=0.00..11.70 rows=170 width=108) (actual time=0.044..0.046 rows=25 loops=12)
 Planning Time: 14.908 ms
 Execution Time: 791614.325 ms
(74 rows)

