                                                                                   QUERY PLAN                                                                                    
---------------------------------------------------------------------------------------------------------------------------------------------------------------------------------
 GroupAggregate  (cost=129417528.23..129431356.72 rows=10024 width=272) (actual time=707590.167..712724.744 rows=4 loops=1)
   Group Key: n1.n_name, n2.n_name, (EXTRACT(year FROM lineitem.l_shipdate))
   ->  Gather Merge  (cost=129417528.23..129429747.64 rows=97248 width=252) (actual time=706806.050..710950.332 rows=5828738 loops=1)
         Workers Planned: 11
         Workers Launched: 11
         ->  Sort  (cost=129416528.01..129416550.11 rows=8841 width=252) (actual time=706784.952..706926.596 rows=485728 loops=12)
               Sort Key: n1.n_name, n2.n_name, (EXTRACT(year FROM lineitem.l_shipdate))
               Sort Method: external merge  Disk: 38424kB
               Worker 0:  Sort Method: external merge  Disk: 38288kB
               Worker 1:  Sort Method: external merge  Disk: 38424kB
               Worker 2:  Sort Method: external merge  Disk: 37952kB
               Worker 3:  Sort Method: external merge  Disk: 38080kB
               Worker 4:  Sort Method: external merge  Disk: 37856kB
               Worker 5:  Sort Method: external merge  Disk: 37752kB
               Worker 6:  Sort Method: external merge  Disk: 38384kB
               Worker 7:  Sort Method: external merge  Disk: 38744kB
               Worker 8:  Sort Method: external merge  Disk: 37904kB
               Worker 9:  Sort Method: external merge  Disk: 38912kB
               Worker 10:  Sort Method: external merge  Disk: 38304kB
               ->  Parallel Hash Join  (cost=4080905.17..129415948.49 rows=8841 width=252) (actual time=7062.901..706359.647 rows=485728 loops=12)
                     Hash Cond: (orders.o_custkey = customer.c_custkey)
                     Join Filter: (((n1.n_name = 'FRANCE'::bpchar) AND (n2.n_name = 'GERMANY'::bpchar)) OR ((n1.n_name = 'GERMANY'::bpchar) AND (n2.n_name = 'FRANCE'::bpchar)))
                     Rows Removed by Join Filter: 485497
                     ->  Nested Loop  (cost=247791.19..125575462.64 rows=1948217 width=124) (actual time=650.980..692664.322 rows=12145073 loops=12)
                           ->  Parallel Hash Join  (cost=247790.60..124572497.65 rows=1948217 width=128) (actual time=650.639..620433.344 rows=12145073 loops=12)
                                 Hash Cond: (lineitem.l_suppkey = supplier.s_suppkey)
                                 ->  Parallel Seq Scan on lineitem  (cost=0.00..123699816.20 rows=165598487 width=28) (actual time=0.593..553417.258 rows=151905939 loops=12)
                                       Filter: ((l_shipdate >= '1995-01-01'::date) AND (l_shipdate <= '1996-12-31'::date))
                                       Rows Removed by Filter: 348093204
                                 ->  Parallel Hash  (cost=247496.49..247496.49 rows=23529 width=108) (actual time=649.814..649.822 rows=66646 loops=12)
                                       Buckets: 1048576 (originally 131072)  Batches: 1 (originally 1)  Memory Usage: 65600kB
                                       ->  Hash Join  (cost=12.58..247496.49 rows=23529 width=108) (actual time=0.375..594.762 rows=66646 loops=12)
                                             Hash Cond: (supplier.s_nationkey = n1.n_nationkey)
                                             ->  Parallel Seq Scan on supplier  (cost=0.00..242103.24 rows=1999924 width=8) (actual time=0.317..536.007 rows=833333 loops=12)
                                             ->  Hash  (cost=12.55..12.55 rows=2 width=108) (actual time=0.024..0.027 rows=2 loops=12)
                                                   Buckets: 1024  Batches: 1  Memory Usage: 9kB
                                                   ->  Seq Scan on nation n1  (cost=0.00..12.55 rows=2 width=108) (actual time=0.018..0.021 rows=2 loops=12)
                                                         Filter: ((n_name = 'FRANCE'::bpchar) OR (n_name = 'GERMANY'::bpchar))
                                                         Rows Removed by Filter: 23
                           ->  Memoize  (cost=0.59..2.44 rows=1 width=12) (actual time=0.006..0.006 rows=1 loops=145740881)
                                 Cache Key: lineitem.l_orderkey
                                 Cache Mode: logical
                                 Hits: 1672103  Misses: 10500079  Evictions: 9574454  Overflows: 0  Memory Usage: 104857kB
                                 Worker 0:  Hits: 1666272  Misses: 10469673  Evictions: 9544048  Overflows: 0  Memory Usage: 104857kB
                                 Worker 1:  Hits: 1675993  Misses: 10542047  Evictions: 9616422  Overflows: 0  Memory Usage: 104857kB
                                 Worker 2:  Hits: 1660037  Misses: 10436661  Evictions: 9511036  Overflows: 0  Memory Usage: 104857kB
                                 Worker 3:  Hits: 1656168  Misses: 10406860  Evictions: 9481235  Overflows: 0  Memory Usage: 104857kB
                                 Worker 4:  Hits: 1651307  Misses: 10377777  Evictions: 9452152  Overflows: 0  Memory Usage: 104857kB
                                 Worker 5:  Hits: 1646609  Misses: 10349345  Evictions: 9423720  Overflows: 0  Memory Usage: 104857kB
                                 Worker 6:  Hits: 1672273  Misses: 10511825  Evictions: 9586200  Overflows: 0  Memory Usage: 104857kB
                                 Worker 7:  Hits: 1689642  Misses: 10609217  Evictions: 9683592  Overflows: 0  Memory Usage: 104857kB
                                 Worker 8:  Hits: 1651187  Misses: 10373119  Evictions: 9447494  Overflows: 0  Memory Usage: 104857kB
                                 Worker 9:  Hits: 1702843  Misses: 10674377  Evictions: 9748752  Overflows: 0  Memory Usage: 104857kB
                                 Worker 10:  Hits: 1668645  Misses: 10476822  Evictions: 9551197  Overflows: 0  Memory Usage: 104857kB
                                 ->  Index Scan using orders_pkey on orders  (cost=0.58..2.43 rows=1 width=12) (actual time=0.005..0.005 rows=1 loops=125727802)
                                       Index Cond: (o_orderkey = lineitem.l_orderkey)
                     ->  Parallel Hash  (cost=3830355.92..3830355.92 rows=220645 width=108) (actual time=6408.251..6408.256 rows=999531 loops=12)
                           Buckets: 16777216 (originally 2097152)  Batches: 1 (originally 1)  Memory Usage: 997056kB
                           ->  Hash Join  (cost=12.58..3830355.92 rows=220645 width=108) (actual time=0.110..5223.365 rows=999531 loops=12)
                                 Hash Cond: (customer.c_nationkey = n2.n_nationkey)
                                 ->  Parallel Seq Scan on customer  (cost=0.00..3779884.52 rows=18754852 width=8) (actual time=0.041..3997.151 rows=12500000 loops=12)
                                 ->  Hash  (cost=12.55..12.55 rows=2 width=108) (actual time=0.046..0.047 rows=2 loops=12)
                                       Buckets: 1024  Batches: 1  Memory Usage: 9kB
                                       ->  Seq Scan on nation n2  (cost=0.00..12.55 rows=2 width=108) (actual time=0.040..0.042 rows=2 loops=12)
                                             Filter: ((n_name = 'GERMANY'::bpchar) OR (n_name = 'FRANCE'::bpchar))
                                             Rows Removed by Filter: 23
 Planning Time: 11.324 ms
 Execution Time: 712765.094 ms
(68 rows)

