                                                                          QUERY PLAN                                                                           
---------------------------------------------------------------------------------------------------------------------------------------------------------------
 Finalize Aggregate  (cost=128900884.05..128900884.06 rows=1 width=32) (actual time=823232.193..825291.519 rows=1 loops=1)
   ->  Gather  (cost=128900882.82..128900883.93 rows=11 width=64) (actual time=823144.933..825291.495 rows=12 loops=1)
         Workers Planned: 11
         Workers Launched: 11
         ->  Partial Aggregate  (cost=128899882.82..128899882.83 rows=1 width=64) (actual time=823131.360..823131.384 rows=1 loops=12)
               ->  Parallel Hash Join  (cost=4829397.53..128786870.04 rows=6457873 width=33) (actual time=816092.905..821529.678 rows=6234909 loops=12)
                     Hash Cond: (lineitem.l_partkey = part.p_partkey)
                     ->  Parallel Seq Scan on lineitem  (cost=0.00..123699816.20 rows=7002403 width=16) (actual time=0.966..800206.284 rows=6234909 loops=12)
                           Filter: ((l_shipdate >= '1995-09-01'::date) AND (l_shipdate < '1995-10-01 00:00:00'::timestamp without time zone))
                           Rows Removed by Filter: 493764234
                     ->  Parallel Hash  (cost=4346020.68..4346020.68 rows=24998868 width=25) (actual time=13317.521..13317.522 rows=16666667 loops=12)
                           Buckets: 2097152  Batches: 256  Memory Usage: 63744kB
                           ->  Parallel Seq Scan on part  (cost=0.00..4346020.68 rows=24998868 width=25) (actual time=0.253..10180.295 rows=16666667 loops=12)
 Planning Time: 8.396 ms
 Execution Time: 825291.613 ms
(15 rows)

