                                                                           QUERY PLAN                                                                           
----------------------------------------------------------------------------------------------------------------------------------------------------------------
 Finalize Aggregate  (cost=130316449.67..130316449.68 rows=1 width=8) (actual time=964640.900..964644.087 rows=1 loops=1)
   ->  Gather  (cost=130316449.45..130316449.66 rows=2 width=8) (actual time=964640.505..964643.880 rows=3 loops=1)
         Workers Planned: 2
         Workers Launched: 2
         ->  Partial Aggregate  (cost=130315449.45..130315449.46 rows=1 width=8) (actual time=964637.557..964637.560 rows=1 loops=3)
               ->  Parallel Seq Scan on order_products  (cost=0.00..128033318.40 rows=912852420 width=0) (actual time=0.112..936792.741 rows=816285200 loops=3)
                     Filter: ((add_to_cat_order < 5) AND (reordered = 1))
                     Rows Removed by Filter: 2565625400
 Planning Time: 7.249 ms
 Execution Time: 964644.454 ms
(10 rows)

