                                                                                 QUERY PLAN                                                                                  
-----------------------------------------------------------------------------------------------------------------------------------------------------------------------------
 Finalize GroupAggregate  (cost=152043197.21..152043199.02 rows=7 width=20) (actual time=1310421.045..1323998.024 rows=7 loops=1)
   Group Key: orders.order_dow
   ->  Gather Merge  (cost=152043197.21..152043198.85 rows=14 width=20) (actual time=1310420.228..1323997.202 rows=21 loops=1)
         Workers Planned: 2
         Workers Launched: 2
         ->  Sort  (cost=152042197.19..152042197.21 rows=7 width=20) (actual time=1310416.800..1310418.006 rows=7 loops=3)
               Sort Key: orders.order_dow
               Sort Method: quicksort  Memory: 25kB
               Worker 0:  Sort Method: quicksort  Memory: 25kB
               Worker 1:  Sort Method: quicksort  Memory: 25kB
               ->  Partial HashAggregate  (cost=152042197.02..152042197.09 rows=7 width=20) (actual time=1310415.348..1310416.556 rows=7 loops=3)
                     Group Key: orders.order_dow
                     ->  Parallel Hash Join  (cost=18447632.00..147153573.87 rows=391089852 width=8) (actual time=1143793.803..1274469.037 rows=308896300 loops=3)
                           Hash Cond: (order_products.order_id = orders.order_id)
                           ->  Parallel Seq Scan on order_products  (cost=0.00..117464848.00 rows=827586614 width=12) (actual time=0.440..862370.448 rows=652857300 loops=3)
                                 Filter: (add_to_cat_order <= 2)
                                 Rows Removed by Filter: 2729053300
                           ->  Parallel Hash  (cost=14934707.80..14934707.80 rows=202091776 width=12) (actual time=159676.452..159676.453 rows=161886900 loops=3)
                                 Buckets: 131072  Batches: 8192  Memory Usage: 3872kB
                                 ->  Parallel Seq Scan on orders  (cost=0.00..14934707.80 rows=202091776 width=12) (actual time=0.106..122337.479 rows=161886900 loops=3)
                                       Filter: ((order_hour_of_day >= 12) AND (order_hour_of_day < 18))
                                       Rows Removed by Filter: 180221400
 Planning Time: 10.036 ms
 Execution Time: 1324000.005 ms
(24 rows)

