                                                                               QUERY PLAN                                                                               
------------------------------------------------------------------------------------------------------------------------------------------------------------------------
 Finalize GroupAggregate  (cost=126810514.15..126810514.66 rows=2 width=12) (actual time=937584.156..937586.243 rows=2 loops=1)
   Group Key: reordered
   ->  Gather Merge  (cost=126810514.15..126810514.62 rows=4 width=12) (actual time=937584.140..937586.224 rows=6 loops=1)
         Workers Planned: 2
         Workers Launched: 2
         ->  Sort  (cost=126809514.13..126809514.13 rows=2 width=12) (actual time=937580.843..937580.846 rows=2 loops=3)
               Sort Key: reordered
               Sort Method: quicksort  Memory: 25kB
               Worker 0:  Sort Method: quicksort  Memory: 25kB
               Worker 1:  Sort Method: quicksort  Memory: 25kB
               ->  Partial HashAggregate  (cost=126809514.10..126809514.12 rows=2 width=12) (actual time=937580.818..937580.821 rows=2 loops=3)
                     Group Key: reordered
                     ->  Parallel Seq Scan on order_products  (cost=0.00..117464848.00 rows=1868933220 width=4) (actual time=0.092..801491.816 rows=1483254100 loops=3)
                           Filter: (add_to_cat_order <= 5)
                           Rows Removed by Filter: 1898656500
 Planning Time: 7.673 ms
 Execution Time: 937586.725 ms
(17 rows)

