                                                                           QUERY PLAN                                                                           
----------------------------------------------------------------------------------------------------------------------------------------------------------------
 Finalize Aggregate  (cost=130316449.67..130316449.68 rows=1 width=8) (actual time=873171.162..873173.271 rows=1 loops=1)
   ->  Gather  (cost=130316449.45..130316449.66 rows=2 width=8) (actual time=873170.815..873173.043 rows=3 loops=1)
         Workers Planned: 2
         Workers Launched: 2
         ->  Partial Aggregate  (cost=130315449.45..130315449.46 rows=1 width=8) (actual time=873167.598..873167.599 rows=1 loops=3)
               ->  Parallel Seq Scan on order_products  (cost=0.00..128033318.40 rows=912852420 width=0) (actual time=0.095..845401.928 rows=816285200 loops=3)
                     Filter: ((add_to_cat_order < 5) AND (reordered = 1))
                     Rows Removed by Filter: 2565625400
 Planning Time: 7.206 ms
 Execution Time: 873173.618 ms
(10 rows)

