                                                                               QUERY PLAN                                                                               
------------------------------------------------------------------------------------------------------------------------------------------------------------------------
 Finalize GroupAggregate  (cost=126810514.15..126810514.66 rows=2 width=12) (actual time=979495.899..979499.284 rows=2 loops=1)
   Group Key: reordered
   ->  Gather Merge  (cost=126810514.15..126810514.62 rows=4 width=12) (actual time=979495.891..979499.268 rows=6 loops=1)
         Workers Planned: 2
         Workers Launched: 2
         ->  Sort  (cost=126809514.13..126809514.13 rows=2 width=12) (actual time=979492.549..979492.552 rows=2 loops=3)
               Sort Key: reordered
               Sort Method: quicksort  Memory: 25kB
               Worker 0:  Sort Method: quicksort  Memory: 25kB
               Worker 1:  Sort Method: quicksort  Memory: 25kB
               ->  Partial HashAggregate  (cost=126809514.10..126809514.12 rows=2 width=12) (actual time=979492.522..979492.523 rows=2 loops=3)
                     Group Key: reordered
                     ->  Parallel Seq Scan on order_products  (cost=0.00..117464848.00 rows=1868933220 width=4) (actual time=0.098..843149.413 rows=1483254100 loops=3)
                           Filter: (add_to_cat_order <= 5)
                           Rows Removed by Filter: 1898656500
 Planning Time: 7.684 ms
 Execution Time: 979499.781 ms
(17 rows)

