                                                                                 QUERY PLAN                                                                                  
-----------------------------------------------------------------------------------------------------------------------------------------------------------------------------
 Finalize GroupAggregate  (cost=152043197.21..152043199.02 rows=7 width=20) (actual time=1309488.165..1323047.842 rows=7 loops=1)
   Group Key: orders.order_dow
   ->  Gather Merge  (cost=152043197.21..152043198.85 rows=14 width=20) (actual time=1309488.146..1323047.819 rows=21 loops=1)
         Workers Planned: 2
         Workers Launched: 2
         ->  Sort  (cost=152042197.19..152042197.21 rows=7 width=20) (actual time=1309484.591..1309484.973 rows=7 loops=3)
               Sort Key: orders.order_dow
               Sort Method: quicksort  Memory: 25kB
               Worker 0:  Sort Method: quicksort  Memory: 25kB
               Worker 1:  Sort Method: quicksort  Memory: 25kB
               ->  Partial HashAggregate  (cost=152042197.02..152042197.09 rows=7 width=20) (actual time=1309484.463..1309484.845 rows=7 loops=3)
                     Group Key: orders.order_dow
                     ->  Parallel Hash Join  (cost=18447632.00..147153573.87 rows=391089852 width=8) (actual time=1151404.462..1273888.916 rows=308896300 loops=3)
                           Hash Cond: (order_products.order_id = orders.order_id)
                           ->  Parallel Seq Scan on order_products  (cost=0.00..117464848.00 rows=827586614 width=12) (actual time=0.446..899696.045 rows=652857300 loops=3)
                                 Filter: (add_to_cat_order <= 2)
                                 Rows Removed by Filter: 2729053300
                           ->  Parallel Hash  (cost=14934707.80..14934707.80 rows=202091776 width=12) (actual time=129720.546..129720.548 rows=161886900 loops=3)
                                 Buckets: 131072  Batches: 8192  Memory Usage: 3872kB
                                 ->  Parallel Seq Scan on orders  (cost=0.00..14934707.80 rows=202091776 width=12) (actual time=0.115..93159.601 rows=161886900 loops=3)
                                       Filter: ((order_hour_of_day >= 12) AND (order_hour_of_day < 18))
                                       Rows Removed by Filter: 180221400
 Planning Time: 10.271 ms
 Execution Time: 1323049.253 ms
(24 rows)

