                                                                           QUERY PLAN                                                                           
----------------------------------------------------------------------------------------------------------------------------------------------------------------
 Finalize Aggregate  (cost=130316449.67..130316449.68 rows=1 width=8) (actual time=890452.765..890454.801 rows=1 loops=1)
   ->  Gather  (cost=130316449.45..130316449.66 rows=2 width=8) (actual time=890452.462..890454.628 rows=3 loops=1)
         Workers Planned: 2
         Workers Launched: 2
         ->  Partial Aggregate  (cost=130315449.45..130315449.46 rows=1 width=8) (actual time=890449.307..890449.308 rows=1 loops=3)
               ->  Parallel Seq Scan on order_products  (cost=0.00..128033318.40 rows=912852420 width=0) (actual time=0.097..862140.052 rows=816285200 loops=3)
                     Filter: ((add_to_cat_order < 5) AND (reordered = 1))
                     Rows Removed by Filter: 2565625400
 Planning Time: 7.174 ms
 Execution Time: 890455.137 ms
(10 rows)

