                                                                                     QUERY PLAN                                                                                     
------------------------------------------------------------------------------------------------------------------------------------------------------------------------------------
 Finalize GroupAggregate  (cost=90334637.29..90345648.42 rows=6482 width=21) (actual time=487396.989..487541.955 rows=56 loops=1)
   Group Key: dates.d_year, part.p_brand
   ->  Gather Merge  (cost=90334637.29..90345048.84 rows=71302 width=21) (actual time=487393.805..487541.873 rows=672 loops=1)
         Workers Planned: 11
         Workers Launched: 11
         ->  Partial GroupAggregate  (cost=90333637.07..90335105.58 rows=6482 width=21) (actual time=487142.513..487326.955 rows=56 loops=12)
               Group Key: dates.d_year, part.p_brand
               ->  Sort  (cost=90333637.07..90333988.00 rows=140369 width=17) (actual time=487140.025..487262.446 rows=805515 loops=12)
                     Sort Key: dates.d_year, part.p_brand
                     Sort Method: external merge  Disk: 23720kB
                     Worker 0:  Sort Method: external merge  Disk: 22960kB
                     Worker 1:  Sort Method: external merge  Disk: 24032kB
                     Worker 2:  Sort Method: external merge  Disk: 24072kB
                     Worker 3:  Sort Method: external merge  Disk: 22880kB
                     Worker 4:  Sort Method: external merge  Disk: 23976kB
                     Worker 5:  Sort Method: external merge  Disk: 24024kB
                     Worker 6:  Sort Method: external merge  Disk: 22752kB
                     Worker 7:  Sort Method: external merge  Disk: 24160kB
                     Worker 8:  Sort Method: external merge  Disk: 23128kB
                     Worker 9:  Sort Method: external merge  Disk: 24064kB
                     Worker 10:  Sort Method: external merge  Disk: 24032kB
                     ->  Hash Join  (cost=71795.43..90321636.32 rows=140369 width=17) (actual time=999.398..486517.708 rows=805515 loops=12)
                           Hash Cond: (lineorder.lo_orderdate = dates.d_datekey)
                           ->  Parallel Hash Join  (cost=71696.93..90319607.74 rows=140369 width=17) (actual time=998.710..486228.264 rows=805515 loops=12)
                                 Hash Cond: (lineorder.lo_suppkey = supplier.s_suppkey)
                                 ->  Parallel Hash Join  (cost=36212.14..90281107.69 rows=710491 width=21) (actual time=516.427..483054.211 rows=4025425 loops=12)
                                       Hash Cond: (lineorder.lo_partkey = part.p_partkey)
                                       ->  Parallel Seq Scan on lineorder  (cost=0.00..88197560.73 rows=545482473 width=16) (actual time=0.195..430323.617 rows=499999142 loops=12)
                                       ->  Parallel Hash  (cost=36204.00..36204.00 rows=651 width=13) (actual time=515.922..515.926 rows=1340 loops=12)
                                             Buckets: 16384 (originally 4096)  Batches: 1 (originally 1)  Memory Usage: 1344kB
                                             ->  Parallel Seq Scan on part  (cost=0.00..36204.00 rows=651 width=13) (actual time=0.903..380.268 rows=1340 loops=12)
                                                   Filter: (((p_brand)::text >= 'MFGR#2221'::text) AND ((p_brand)::text <= 'MFGR#2228'::text))
                                                   Rows Removed by Filter: 165326
                                 ->  Parallel Hash  (cost=34250.00..34250.00 rows=98783 width=4) (actual time=480.792..480.795 rows=33337 loops=12)
                                       Buckets: 524288  Batches: 1  Memory Usage: 19904kB
                                       ->  Parallel Seq Scan on supplier  (cost=0.00..34250.00 rows=98783 width=4) (actual time=0.287..470.562 rows=33337 loops=12)
                                             Filter: ((s_region)::text = 'ASIA'::text)
                                             Rows Removed by Filter: 133330
                           ->  Hash  (cost=66.56..66.56 rows=2556 width=8) (actual time=0.649..0.650 rows=2556 loops=12)
                                 Buckets: 4096  Batches: 1  Memory Usage: 132kB
                                 ->  Seq Scan on dates  (cost=0.00..66.56 rows=2556 width=8) (actual time=0.024..0.405 rows=2556 loops=12)
 Planning Time: 8.397 ms
 Execution Time: 487547.600 ms
(43 rows)

