                                                                                        QUERY PLAN                                                                                        
------------------------------------------------------------------------------------------------------------------------------------------------------------------------------------------
 Finalize GroupAggregate  (cost=92388771.00..92389029.06 rows=175 width=20) (actual time=484451.969..487233.343 rows=35 loops=1)
   Group Key: dates.d_year, customer.c_nation
   ->  Gather Merge  (cost=92388771.00..92389012.88 rows=1925 width=20) (actual time=484451.947..487233.284 rows=420 loops=1)
         Workers Planned: 11
         Workers Launched: 11
         ->  Sort  (cost=92387770.78..92387771.22 rows=175 width=20) (actual time=484445.068..484445.143 rows=35 loops=12)
               Sort Key: dates.d_year, customer.c_nation
               Sort Method: quicksort  Memory: 26kB
               Worker 0:  Sort Method: quicksort  Memory: 26kB
               Worker 1:  Sort Method: quicksort  Memory: 26kB
               Worker 2:  Sort Method: quicksort  Memory: 26kB
               Worker 3:  Sort Method: quicksort  Memory: 26kB
               Worker 4:  Sort Method: quicksort  Memory: 26kB
               Worker 5:  Sort Method: quicksort  Memory: 26kB
               Worker 6:  Sort Method: quicksort  Memory: 26kB
               Worker 7:  Sort Method: quicksort  Memory: 26kB
               Worker 8:  Sort Method: quicksort  Memory: 26kB
               Worker 9:  Sort Method: quicksort  Memory: 26kB
               Worker 10:  Sort Method: quicksort  Memory: 26kB
               ->  Partial HashAggregate  (cost=92387762.51..92387764.26 rows=175 width=20) (actual time=484444.992..484445.070 rows=35 loops=12)
                     Group Key: dates.d_year, customer.c_nation
                     Batches: 1  Memory Usage: 40kB
                     Worker 0:  Batches: 1  Memory Usage: 40kB
                     Worker 1:  Batches: 1  Memory Usage: 40kB
                     Worker 2:  Batches: 1  Memory Usage: 40kB
                     Worker 3:  Batches: 1  Memory Usage: 40kB
                     Worker 4:  Batches: 1  Memory Usage: 40kB
                     Worker 5:  Batches: 1  Memory Usage: 40kB
                     Worker 6:  Batches: 1  Memory Usage: 40kB
                     Worker 7:  Batches: 1  Memory Usage: 40kB
                     Worker 8:  Batches: 1  Memory Usage: 40kB
                     Worker 9:  Batches: 1  Memory Usage: 40kB
                     Worker 10:  Batches: 1  Memory Usage: 40kB
                     ->  Hash Join  (cost=610701.50..92307418.06 rows=8034445 width=20) (actual time=463740.368..483083.660 rows=7988892 loops=12)
                           Hash Cond: (lineorder.lo_orderdate = dates.d_datekey)
                           ->  Parallel Hash Join  (cost=610602.99..92196845.93 rows=8034445 width=20) (actual time=463739.668..481734.367 rows=7988892 loops=12)
                                 Hash Cond: (lineorder.lo_custkey = customer.c_custkey)
                                 ->  Parallel Hash Join  (cost=73979.11..91103440.48 rows=39840221 width=16) (actual time=990.912..449422.069 rows=39949453 loops=12)
                                       Hash Cond: (lineorder.lo_partkey = part.p_partkey)
                                       ->  Parallel Hash Join  (cost=35508.96..90553325.75 rows=109878444 width=20) (actual time=491.437..401921.337 rows=99990888 loops=12)
                                             Hash Cond: (lineorder.lo_suppkey = supplier.s_suppkey)
                                             ->  Parallel Seq Scan on lineorder  (cost=0.00..88197560.73 rows=545482473 width=24) (actual time=0.337..315381.400 rows=499999142 loops=12)
                                             ->  Parallel Hash  (cost=34250.00..34250.00 rows=100717 width=4) (actual time=490.213..490.215 rows=33330 loops=12)
                                                   Buckets: 524288  Batches: 1  Memory Usage: 19840kB
                                                   ->  Parallel Seq Scan on supplier  (cost=0.00..34250.00 rows=100717 width=4) (actual time=0.332..471.944 rows=33330 loops=12)
                                                         Filter: ((s_region)::text = 'AMERICA'::text)
                                                         Rows Removed by Filter: 133337
                                       ->  Parallel Hash  (cost=36204.00..36204.00 rows=181292 width=4) (actual time=498.963..498.965 rows=66621 loops=12)
                                             Buckets: 1048576  Batches: 1  Memory Usage: 39712kB
                                             ->  Parallel Seq Scan on part  (cost=0.00..36204.00 rows=181292 width=4) (actual time=0.392..471.679 rows=66621 loops=12)
                                                   Filter: (((p_mfgr)::text = 'MFGR#1'::text) OR ((p_mfgr)::text = 'MFGR#2'::text))
                                                   Rows Removed by Filter: 100045
                                 ->  Parallel Hash  (cost=519096.42..519096.42 rows=1008276 width=12) (actual time=6824.039..6824.040 rows=500081 loops=12)
                                       Buckets: 524288  Batches: 16  Memory Usage: 22432kB
                                       ->  Parallel Seq Scan on customer  (cost=0.00..519096.42 rows=1008276 width=12) (actual time=0.737..6708.030 rows=500081 loops=12)
                                             Filter: ((c_region)::text = 'AMERICA'::text)
                                             Rows Removed by Filter: 1999919
                           ->  Hash  (cost=66.56..66.56 rows=2556 width=8) (actual time=0.647..0.648 rows=2556 loops=12)
                                 Buckets: 4096  Batches: 1  Memory Usage: 132kB
                                 ->  Seq Scan on dates  (cost=0.00..66.56 rows=2556 width=8) (actual time=0.026..0.407 rows=2556 loops=12)
 Planning Time: 8.923 ms
 Execution Time: 487233.700 ms
(62 rows)

