                                                                           QUERY PLAN                                                                           
----------------------------------------------------------------------------------------------------------------------------------------------------------------
 Finalize Aggregate  (cost=93771788.51..93771788.52 rows=1 width=8) (actual time=456930.980..456961.218 rows=1 loops=1)
   ->  Gather  (cost=93771787.37..93771788.48 rows=11 width=8) (actual time=456930.523..456961.133 rows=12 loops=1)
         Workers Planned: 11
         Workers Launched: 11
         ->  Partial Aggregate  (cost=93770787.37..93770787.38 rows=1 width=8) (actual time=456924.550..456924.564 rows=1 loops=12)
               ->  Hash Join  (cost=73.34..93768962.40 rows=364994 width=8) (actual time=2.527..456871.137 rows=351466 loops=12)
                     Hash Cond: (lineorder.lo_orderdate = dates.d_datekey)
                     ->  Parallel Seq Scan on lineorder  (cost=0.00..93652385.45 rows=30094311 width=12) (actual time=0.188..454790.721 rows=27273280 loops=12)
                           Filter: ((lo_discount >= 4) AND (lo_discount <= 6) AND (lo_quantity >= 26) AND (lo_quantity <= 35))
                           Rows Removed by Filter: 472725862
                     ->  Hash  (cost=72.95..72.95 rows=31 width=4) (actual time=0.402..0.405 rows=31 loops=12)
                           Buckets: 1024  Batches: 1  Memory Usage: 10kB
                           ->  Seq Scan on dates  (cost=0.00..72.95 rows=31 width=4) (actual time=0.132..0.397 rows=31 loops=12)
                                 Filter: ((d_yearmonth)::text = 'Jan1994'::text)
                                 Rows Removed by Filter: 2525
 Planning Time: 8.682 ms
 Execution Time: 456961.380 ms
(17 rows)

