                                                                                     QUERY PLAN                                                                                     
------------------------------------------------------------------------------------------------------------------------------------------------------------------------------------
 Finalize GroupAggregate  (cost=90328995.18..90329824.52 rows=7 width=21) (actual time=464395.692..464414.868 rows=7 loops=1)
   Group Key: dates.d_year
   ->  Gather Merge  (cost=90328995.18..90329824.07 rows=77 width=21) (actual time=464392.654..464414.851 rows=84 loops=1)
         Workers Planned: 11
         Workers Launched: 11
         ->  Partial GroupAggregate  (cost=90327994.97..90328814.20 rows=7 width=21) (actual time=464371.108..464383.204 rows=7 loops=12)
               Group Key: dates.d_year
               ->  Sort  (cost=90327994.97..90328268.02 rows=109221 width=17) (actual time=464367.012..464376.787 rows=99339 loops=12)
                     Sort Key: dates.d_year
                     Sort Method: quicksort  Memory: 7537kB
                     Worker 0:  Sort Method: quicksort  Memory: 7515kB
                     Worker 1:  Sort Method: quicksort  Memory: 7850kB
                     Worker 2:  Sort Method: quicksort  Memory: 7837kB
                     Worker 3:  Sort Method: quicksort  Memory: 7799kB
                     Worker 4:  Sort Method: quicksort  Memory: 7567kB
                     Worker 5:  Sort Method: quicksort  Memory: 7856kB
                     Worker 6:  Sort Method: quicksort  Memory: 7529kB
                     Worker 7:  Sort Method: quicksort  Memory: 7849kB
                     Worker 8:  Sort Method: quicksort  Memory: 7691kB
                     Worker 9:  Sort Method: quicksort  Memory: 7883kB
                     Worker 10:  Sort Method: quicksort  Memory: 7833kB
                     ->  Hash Join  (cost=70566.45..90318854.87 rows=109221 width=17) (actual time=977.227..464313.928 rows=99339 loops=12)
                           Hash Cond: (lineorder.lo_orderdate = dates.d_datekey)
                           ->  Parallel Hash Join  (cost=70467.94..90317254.57 rows=109221 width=17) (actual time=976.537..464252.532 rows=99339 loops=12)
                                 Hash Cond: (lineorder.lo_suppkey = supplier.s_suppkey)
                                 ->  Parallel Hash Join  (cost=34960.22..90279438.48 rows=542755 width=21) (actual time=491.513..463371.299 rows=495835 loops=12)
                                       Hash Cond: (lineorder.lo_partkey = part.p_partkey)
                                       ->  Parallel Seq Scan on lineorder  (cost=0.00..88197560.73 rows=545482473 width=16) (actual time=0.300..417956.844 rows=499999142 loops=12)
                                       ->  Parallel Hash  (cost=34954.00..34954.00 rows=498 width=13) (actual time=490.121..490.123 rows=163 loops=12)
                                             Buckets: 2048  Batches: 1  Memory Usage: 400kB
                                             ->  Parallel Seq Scan on part  (cost=0.00..34954.00 rows=498 width=13) (actual time=3.477..489.961 rows=163 loops=12)
                                                   Filter: ((p_brand)::text = 'MFGR#2239'::text)
                                                   Rows Removed by Filter: 166504
                                 ->  Parallel Hash  (cost=34250.00..34250.00 rows=100617 width=4) (actual time=479.636..479.638 rows=33390 loops=12)
                                       Buckets: 524288  Batches: 1  Memory Usage: 19904kB
                                       ->  Parallel Seq Scan on supplier  (cost=0.00..34250.00 rows=100617 width=4) (actual time=0.344..469.351 rows=33390 loops=12)
                                             Filter: ((s_region)::text = 'EUROPE'::text)
                                             Rows Removed by Filter: 133276
                           ->  Hash  (cost=66.56..66.56 rows=2556 width=8) (actual time=0.651..0.652 rows=2556 loops=12)
                                 Buckets: 4096  Batches: 1  Memory Usage: 132kB
                                 ->  Seq Scan on dates  (cost=0.00..66.56 rows=2556 width=8) (actual time=0.025..0.409 rows=2556 loops=12)
 Planning Time: 8.034 ms
 Execution Time: 464415.705 ms
(43 rows)

