                                                                           QUERY PLAN                                                                           
----------------------------------------------------------------------------------------------------------------------------------------------------------------
 Finalize Aggregate  (cost=92709952.02..92709952.03 rows=1 width=8) (actual time=455910.783..455937.313 rows=1 loops=1)
   ->  Gather  (cost=92709950.88..92709951.99 rows=11 width=8) (actual time=455910.368..455937.304 rows=12 loops=1)
         Workers Planned: 11
         Workers Launched: 11
         ->  Partial Aggregate  (cost=92708950.88..92708950.89 rows=1 width=8) (actual time=455904.389..455904.395 rows=1 loops=12)
               ->  Hash Join  (cost=77.51..92658030.94 rows=10183987 width=8) (actual time=0.816..455173.301 rows=9928706 loops=12)
                     Hash Cond: (lineorder.lo_orderdate = dates.d_datekey)
                     ->  Parallel Seq Scan on lineorder  (cost=0.00..92288679.27 rows=71315810 width=12) (actual time=0.179..449043.831 rows=65451133 loops=12)
                           Filter: ((lo_discount >= 1) AND (lo_discount <= 3) AND (lo_quantity < 25))
                           Rows Removed by Filter: 434548010
                     ->  Hash  (cost=72.95..72.95 rows=365 width=4) (actual time=0.413..0.415 rows=365 loops=12)
                           Buckets: 1024  Batches: 1  Memory Usage: 21kB
                           ->  Seq Scan on dates  (cost=0.00..72.95 rows=365 width=4) (actual time=0.067..0.367 rows=365 loops=12)
                                 Filter: (d_year = 1993)
                                 Rows Removed by Filter: 2191
 Planning Time: 9.357 ms
 Execution Time: 455937.436 ms
(17 rows)

