                                                                           QUERY PLAN                                                                           
----------------------------------------------------------------------------------------------------------------------------------------------------------------
 Finalize Aggregate  (cost=92709952.02..92709952.03 rows=1 width=8) (actual time=465540.626..465586.430 rows=1 loops=1)
   ->  Gather  (cost=92709950.88..92709951.99 rows=11 width=8) (actual time=465540.292..465586.386 rows=12 loops=1)
         Workers Planned: 11
         Workers Launched: 11
         ->  Partial Aggregate  (cost=92708950.88..92708950.89 rows=1 width=8) (actual time=465534.405..465534.421 rows=1 loops=12)
               ->  Hash Join  (cost=77.51..92658030.94 rows=10183987 width=8) (actual time=0.784..464817.267 rows=9928706 loops=12)
                     Hash Cond: (lineorder.lo_orderdate = dates.d_datekey)
                     ->  Parallel Seq Scan on lineorder  (cost=0.00..92288679.27 rows=71315810 width=12) (actual time=0.190..458633.437 rows=65451133 loops=12)
                           Filter: ((lo_discount >= 1) AND (lo_discount <= 3) AND (lo_quantity < 25))
                           Rows Removed by Filter: 434548010
                     ->  Hash  (cost=72.95..72.95 rows=365 width=4) (actual time=0.402..0.404 rows=365 loops=12)
                           Buckets: 1024  Batches: 1  Memory Usage: 21kB
                           ->  Seq Scan on dates  (cost=0.00..72.95 rows=365 width=4) (actual time=0.069..0.365 rows=365 loops=12)
                                 Filter: (d_year = 1993)
                                 Rows Removed by Filter: 2191
 Planning Time: 9.322 ms
 Execution Time: 465586.597 ms
(17 rows)

