                                                                 QUERY PLAN                                                                 
--------------------------------------------------------------------------------------------------------------------------------------------
 Sort  (cost=90920396.88..90921209.86 rows=325195 width=34)
   Sort Key: dates.d_year, (sum(lineorder.lo_revenue)) DESC
   ->  GroupAggregate  (cost=90838049.36..90885414.69 rows=325195 width=34)
         Group Key: customer.c_city, supplier.s_city, dates.d_year
         ->  Gather Merge  (cost=90838049.36..90878910.79 rows=325195 width=30)
               Workers Planned: 11
               ->  Sort  (cost=90837049.14..90837123.05 rows=29563 width=30)
                     Sort Key: customer.c_city, supplier.s_city, dates.d_year
                     ->  Hash Join  (cost=567748.67..90834853.87 rows=29563 width=30)
                           Hash Cond: (lineorder.lo_orderdate = dates.d_datekey)
                           ->  Parallel Hash Join  (cost=567641.93..90834322.23 rows=34472 width=30)
                                 Hash Cond: (lineorder.lo_suppkey = supplier.s_suppkey)
                                 ->  Parallel Hash Join  (cost=532092.22..90782435.00 rows=4333688 width=23)
                                       Hash Cond: (lineorder.lo_custkey = customer.c_custkey)
                                       ->  Parallel Seq Scan on lineorder  (cost=0.00..88197560.73 rows=545482473 width=16)
                                       ->  Parallel Hash  (cost=531595.71..531595.71 rows=39721 width=15)
                                             ->  Parallel Seq Scan on customer  (cost=0.00..531595.71 rows=39721 width=15)
                                                   Filter: (((c_city)::text = 'UNITED KI1'::text) OR ((c_city)::text = 'UNITED KI5'::text))
                                 ->  Parallel Hash  (cost=35500.00..35500.00 rows=3977 width=15)
                                       ->  Parallel Seq Scan on supplier  (cost=0.00..35500.00 rows=3977 width=15)
                                             Filter: (((s_city)::text = 'UNITED KI1'::text) OR ((s_city)::text = 'UNITED KI5'::text))
                           ->  Hash  (cost=79.34..79.34 rows=2192 width=8)
                                 ->  Seq Scan on dates  (cost=0.00..79.34 rows=2192 width=8)
                                       Filter: ((d_year >= 1992) AND (d_year <= 1997))
(24 rows)

